<?xml version="1.0" encoding="UTF-8"?>
<testng-results ignored="0" total="2" passed="2" failed="0" skipped="0">
  <reporter-output>
  </reporter-output>
  <suite started-at="2025-04-09T17:06:34 IST" name="Default suite" finished-at="2025-04-09T17:06:34 IST" duration-ms="53">
    <groups>
    </groups>
    <test started-at="2025-04-09T17:06:34 IST" name="Default test" finished-at="2025-04-09T17:06:34 IST" duration-ms="53">
      <class name="Sample.TestEmployeeDetails">
        <test-method signature="testCalculateAppriasal()[pri:0, instance:Sample.TestEmployeeDetails@5dda768f]" started-at="2025-04-09T17:06:34 IST" name="testCalculateAppriasal" finished-at="2025-04-09T17:06:34 IST" duration-ms="9" status="PASS">
          <reporter-output>
          </reporter-output>
        </test-method> <!-- testCalculateAppriasal -->
        <test-method signature="testCalculateYearlySalary()[pri:0, instance:Sample.TestEmployeeDetails@5dda768f]" started-at="2025-04-09T17:06:34 IST" name="testCalculateYearlySalary" finished-at="2025-04-09T17:06:34 IST" duration-ms="1" status="PASS">
          <reporter-output>
          </reporter-output>
        </test-method> <!-- testCalculateYearlySalary -->
      </class> <!-- Sample.TestEmployeeDetails -->
    </test> <!-- Default test -->
  </suite> <!-- Default suite -->
</testng-results>
